<?xml version="1.0" encoding="UTF-8"?>
<testsuite name="ru.netology.service.CashbackHackServiceTest" tests="1" skipped="0" failures="0" errors="0" timestamp="2023-12-24T08:03:35" hostname="DESKTOP-A7ODNSS" time="0.004">
  <properties/>
  <testcase name="testRemain" classname="ru.netology.service.CashbackHackServiceTest" time="0.004"/>
  <system-out><![CDATA[]]></system-out>
  <system-err><![CDATA[]]></system-err>
</testsuite>
